<?xml version="1.0" encoding="UTF-8"?>
<!-- Generated by org.testng.reporters.JUnitReportReporter -->
<testsuite skipped="0" hostname="LQA-FAIZANMAMJI" name="TestCases.JeenieTestOne" tests="1" failures="0" timestamp="03 Oct 2019 07:54:21 GMT" time="0.000" errors="0">
  <testcase name="Test1" time="0.000" classname="TestCases.JeenieTestOne"/>
</testsuite> <!-- TestCases.JeenieTestOne -->
